\BOOKMARK [1][-]{section.1}{Base te\363rica del contraste de hip\363tesis}{}% 1
\BOOKMARK [2][-]{subsection.1.1}{Introduci\363n}{section.1}% 2
\BOOKMARK [2][-]{subsection.1.2}{Planteamiento general de los contrastes de hip\363tesis}{section.1}% 3
\BOOKMARK [3][-]{subsubsection.1.2.1}{Tipos}{subsection.1.2}% 4
\BOOKMARK [3][-]{subsubsection.1.2.2}{Errores}{subsection.1.2}% 5
\BOOKMARK [3][-]{subsubsection.1.2.3}{Criterios de elecci\363n}{subsection.1.2}% 6
\BOOKMARK [1][-]{section.2}{Test param\351tricos: Distribuci\363n Normal}{}% 7
\BOOKMARK [2][-]{subsection.2.1}{Introducci\363n}{section.2}% 8
\BOOKMARK [2][-]{subsection.2.2}{Contraste T de Student}{section.2}% 9
\BOOKMARK [3][-]{subsubsection.2.2.1}{Contraste t de una muestra para la media de una distribuci\363n normal con varianza desconocida \(Media alternativa <media nula\)}{subsection.2.2}% 10
\BOOKMARK [3][-]{subsubsection.2.2.2}{Contraste t de una muestra para la media de una distribuci\363n normal con varianza desconocida \(Media alternativa >media nula\)}{subsection.2.2}% 11
\BOOKMARK [3][-]{subsubsection.2.2.3}{Contraste t de una muestra para la media de una distribuci\363n normal con varianza desconocida. Alternativa bilateral}{subsection.2.2}% 12
\BOOKMARK [2][-]{subsection.2.3}{Contraste \(bilateral\) 2 para la varianza de una distribuci\363n normal}{section.2}% 13
\BOOKMARK [2][-]{subsection.2.4}{Contrastes para dos poblaciones normales}{section.2}% 14
\BOOKMARK [2][-]{subsection.2.5}{Contraste t para dos poblaciones independientes con varianzas iguales}{section.2}% 15
\BOOKMARK [2][-]{subsection.2.6}{Contraste F para dos poblaciones independientes }{section.2}% 16
\BOOKMARK [1][-]{section.3}{Contrastes globales sobre la distribuci\363n poblacional \(test no param\351tricos\)}{}% 17
\BOOKMARK [2][-]{subsection.3.1}{Introducci\363n}{section.3}% 18
\BOOKMARK [2][-]{subsection.3.2}{Contrastes 2 de bondad del ajuste}{section.3}% 19
\BOOKMARK [2][-]{subsection.3.3}{Contraste 2 de homogeneidad}{section.3}% 20
\BOOKMARK [2][-]{subsection.3.4}{Contraste 2 de independencia}{section.3}% 21
\BOOKMARK [2][-]{subsection.3.5}{Contraste de Kolmogorov-Smirnov }{section.3}% 22
\BOOKMARK [2][-]{subsection.3.6}{Contraste de homogeneidad de Kolmogorov-Smirnov}{section.3}% 23
\BOOKMARK [2][-]{subsection.3.7}{Contrastes de Independencia}{section.3}% 24
\BOOKMARK [2][-]{subsection.3.8}{Contrastes de Localizaci\363n}{section.3}% 25
\BOOKMARK [3][-]{subsubsection.3.8.1}{Test de los signos}{subsection.3.8}% 26
\BOOKMARK [3][-]{subsubsection.3.8.2}{El test de Wilcoxon de los rangos signados}{subsection.3.8}% 27
\BOOKMARK [1][-]{section.4}{Aplicaci\363n en Bioinform\341tica:}{}% 28
\BOOKMARK [2][-]{subsection.4.1}{Contexto biol\363gico}{section.4}% 29
\BOOKMARK [2][-]{subsection.4.2}{Ejemplos de aplicaciones de test de hip\363tesis}{section.4}% 30
